Compiling the CXX compiler identification source file "CMakeCXXCompilerId.cpp" failed.
Compiler: CMAKE_CXX_COMPILER-NOTFOUND 
Build flags: 
Id flags: 

The output was:
No such file or directory


Compiling the CXX compiler identification source file "CMakeCXXCompilerId.cpp" failed.
Compiler: CMAKE_CXX_COMPILER-NOTFOUND 
Build flags: 
Id flags: -c

The output was:
No such file or directory


Checking whether the CXX compiler is IAR using "" did not match "IAR .+ Compiler":
Determining if the pthread_create exist failed with the following output:
Change Dir: /home/rome/h2O/CMakeFiles/CMakeTmp

Run Build Command:/usr/bin/make "cmTryCompileExec649457189/fast"
/usr/bin/make -f CMakeFiles/cmTryCompileExec649457189.dir/build.make CMakeFiles/cmTryCompileExec649457189.dir/build
make[1]: Entering directory `/home/rome/h2O/CMakeFiles/CMakeTmp'
/usr/bin/cmake -E cmake_progress_report /home/rome/h2O/CMakeFiles/CMakeTmp/CMakeFiles 1
Building C object CMakeFiles/cmTryCompileExec649457189.dir/CheckSymbolExists.c.o
/usr/bin/cc    -o CMakeFiles/cmTryCompileExec649457189.dir/CheckSymbolExists.c.o   -c /home/rome/h2O/CMakeFiles/CMakeTmp/CheckSymbolExists.c
Linking C executable cmTryCompileExec649457189
/usr/bin/cmake -E cmake_link_script CMakeFiles/cmTryCompileExec649457189.dir/link.txt --verbose=1
/usr/bin/cc       CMakeFiles/cmTryCompileExec649457189.dir/CheckSymbolExists.c.o  -o cmTryCompileExec649457189 -rdynamic 
CMakeFiles/cmTryCompileExec649457189.dir/CheckSymbolExists.c.o: In function `main':
CheckSymbolExists.c:(.text+0x16): undefined reference to `pthread_create'
collect2: error: ld returned 1 exit status
make[1]: *** [cmTryCompileExec649457189] Error 1
make[1]: Leaving directory `/home/rome/h2O/CMakeFiles/CMakeTmp'
make: *** [cmTryCompileExec649457189/fast] Error 2

File /home/rome/h2O/CMakeFiles/CMakeTmp/CheckSymbolExists.c:
/* */
#include <pthread.h>

int main(int argc, char** argv)
{
  (void)argv;
#ifndef pthread_create
  return ((int*)(&pthread_create))[argc];
#else
  (void)argc;
  return 0;
#endif
}

Determining if the function pthread_create exists in the pthreads failed with the following output:
Change Dir: /home/rome/h2O/CMakeFiles/CMakeTmp

Run Build Command:/usr/bin/make "cmTryCompileExec595582983/fast"
/usr/bin/make -f CMakeFiles/cmTryCompileExec595582983.dir/build.make CMakeFiles/cmTryCompileExec595582983.dir/build
make[1]: Entering directory `/home/rome/h2O/CMakeFiles/CMakeTmp'
/usr/bin/cmake -E cmake_progress_report /home/rome/h2O/CMakeFiles/CMakeTmp/CMakeFiles 1
Building C object CMakeFiles/cmTryCompileExec595582983.dir/CheckFunctionExists.c.o
/usr/bin/cc   -DCHECK_FUNCTION_EXISTS=pthread_create   -o CMakeFiles/cmTryCompileExec595582983.dir/CheckFunctionExists.c.o   -c /usr/share/cmake-2.8/Modules/CheckFunctionExists.c
Linking C executable cmTryCompileExec595582983
/usr/bin/cmake -E cmake_link_script CMakeFiles/cmTryCompileExec595582983.dir/link.txt --verbose=1
/usr/bin/cc   -DCHECK_FUNCTION_EXISTS=pthread_create    CMakeFiles/cmTryCompileExec595582983.dir/CheckFunctionExists.c.o  -o cmTryCompileExec595582983 -rdynamic -lpthreads 
/usr/bin/ld: cannot find -lpthreads
collect2: error: ld returned 1 exit status
make[1]: *** [cmTryCompileExec595582983] Error 1
make[1]: Leaving directory `/home/rome/h2O/CMakeFiles/CMakeTmp'
make: *** [cmTryCompileExec595582983/fast] Error 2


Compiling the CXX compiler identification source file "CMakeCXXCompilerId.cpp" failed.
Compiler: CMAKE_CXX_COMPILER-NOTFOUND 
Build flags: 
Id flags: 

The output was:
No such file or directory


Compiling the CXX compiler identification source file "CMakeCXXCompilerId.cpp" failed.
Compiler: CMAKE_CXX_COMPILER-NOTFOUND 
Build flags: 
Id flags: -c

The output was:
No such file or directory


Checking whether the CXX compiler is IAR using "" did not match "IAR .+ Compiler":
Checking whether the CXX compiler is IAR using "" did not match "IAR .+ Compiler":
Compiling the CXX compiler identification source file "CMakeCXXCompilerId.cpp" failed.
Compiler: CMAKE_CXX_COMPILER-NOTFOUND 
Build flags: 
Id flags: 

The output was:
No such file or directory


Compiling the CXX compiler identification source file "CMakeCXXCompilerId.cpp" failed.
Compiler: CMAKE_CXX_COMPILER-NOTFOUND 
Build flags: 
Id flags: -c

The output was:
No such file or directory


Checking whether the CXX compiler is IAR using "" did not match "IAR .+ Compiler":
Compiling the CXX compiler identification source file "CMakeCXXCompilerId.cpp" failed.
Compiler: CMAKE_CXX_COMPILER-NOTFOUND 
Build flags: 
Id flags: 

The output was:
No such file or directory


Compiling the CXX compiler identification source file "CMakeCXXCompilerId.cpp" failed.
Compiler: CMAKE_CXX_COMPILER-NOTFOUND 
Build flags: 
Id flags: -c

The output was:
No such file or directory


Checking whether the CXX compiler is IAR using "" did not match "IAR .+ Compiler":
Compiling the CXX compiler identification source file "CMakeCXXCompilerId.cpp" failed.
Compiler: CMAKE_CXX_COMPILER-NOTFOUND 
Build flags: 
Id flags: 

The output was:
No such file or directory


Compiling the CXX compiler identification source file "CMakeCXXCompilerId.cpp" failed.
Compiler: CMAKE_CXX_COMPILER-NOTFOUND 
Build flags: 
Id flags: -c

The output was:
No such file or directory


Checking whether the CXX compiler is IAR using "" did not match "IAR .+ Compiler":
Compiling the CXX compiler identification source file "CMakeCXXCompilerId.cpp" failed.
Compiler: CMAKE_CXX_COMPILER-NOTFOUND 
Build flags: 
Id flags: 

The output was:
No such file or directory


Compiling the CXX compiler identification source file "CMakeCXXCompilerId.cpp" failed.
Compiler: CMAKE_CXX_COMPILER-NOTFOUND 
Build flags: 
Id flags: -c

The output was:
No such file or directory


Checking whether the CXX compiler is IAR using "" did not match "IAR .+ Compiler":
Compiling the CXX compiler identification source file "CMakeCXXCompilerId.cpp" failed.
Compiler: CMAKE_CXX_COMPILER-NOTFOUND 
Build flags: 
Id flags: 

The output was:
No such file or directory


Compiling the CXX compiler identification source file "CMakeCXXCompilerId.cpp" failed.
Compiler: CMAKE_CXX_COMPILER-NOTFOUND 
Build flags: 
Id flags: -c

The output was:
No such file or directory


Checking whether the CXX compiler is IAR using "" did not match "IAR .+ Compiler":
Determining if the pthread_create exist failed with the following output:
Change Dir: /home/rome/h2O/CMakeFiles/CMakeTmp

Run Build Command:/usr/bin/make "cmTryCompileExec1222375572/fast"
/usr/bin/make -f CMakeFiles/cmTryCompileExec1222375572.dir/build.make CMakeFiles/cmTryCompileExec1222375572.dir/build
make[1]: Entering directory `/home/rome/h2O/CMakeFiles/CMakeTmp'
/usr/bin/cmake -E cmake_progress_report /home/rome/h2O/CMakeFiles/CMakeTmp/CMakeFiles 1
Building C object CMakeFiles/cmTryCompileExec1222375572.dir/CheckSymbolExists.c.o
/usr/bin/cc    -o CMakeFiles/cmTryCompileExec1222375572.dir/CheckSymbolExists.c.o   -c /home/rome/h2O/CMakeFiles/CMakeTmp/CheckSymbolExists.c
Linking C executable cmTryCompileExec1222375572
/usr/bin/cmake -E cmake_link_script CMakeFiles/cmTryCompileExec1222375572.dir/link.txt --verbose=1
/usr/bin/cc       CMakeFiles/cmTryCompileExec1222375572.dir/CheckSymbolExists.c.o  -o cmTryCompileExec1222375572 -rdynamic 
CMakeFiles/cmTryCompileExec1222375572.dir/CheckSymbolExists.c.o: In function `main':
CheckSymbolExists.c:(.text+0x16): undefined reference to `pthread_create'
collect2: error: ld returned 1 exit status
make[1]: *** [cmTryCompileExec1222375572] Error 1
make[1]: Leaving directory `/home/rome/h2O/CMakeFiles/CMakeTmp'
make: *** [cmTryCompileExec1222375572/fast] Error 2

File /home/rome/h2O/CMakeFiles/CMakeTmp/CheckSymbolExists.c:
/* */
#include <pthread.h>

int main(int argc, char** argv)
{
  (void)argv;
#ifndef pthread_create
  return ((int*)(&pthread_create))[argc];
#else
  (void)argc;
  return 0;
#endif
}

Determining if the function pthread_create exists in the pthreads failed with the following output:
Change Dir: /home/rome/h2O/CMakeFiles/CMakeTmp

Run Build Command:/usr/bin/make "cmTryCompileExec2058372977/fast"
/usr/bin/make -f CMakeFiles/cmTryCompileExec2058372977.dir/build.make CMakeFiles/cmTryCompileExec2058372977.dir/build
make[1]: Entering directory `/home/rome/h2O/CMakeFiles/CMakeTmp'
/usr/bin/cmake -E cmake_progress_report /home/rome/h2O/CMakeFiles/CMakeTmp/CMakeFiles 1
Building C object CMakeFiles/cmTryCompileExec2058372977.dir/CheckFunctionExists.c.o
/usr/bin/cc   -DCHECK_FUNCTION_EXISTS=pthread_create   -o CMakeFiles/cmTryCompileExec2058372977.dir/CheckFunctionExists.c.o   -c /usr/share/cmake-2.8/Modules/CheckFunctionExists.c
Linking C executable cmTryCompileExec2058372977
/usr/bin/cmake -E cmake_link_script CMakeFiles/cmTryCompileExec2058372977.dir/link.txt --verbose=1
/usr/bin/cc   -DCHECK_FUNCTION_EXISTS=pthread_create    CMakeFiles/cmTryCompileExec2058372977.dir/CheckFunctionExists.c.o  -o cmTryCompileExec2058372977 -rdynamic -lpthreads 
/usr/bin/ld: cannot find -lpthreads
collect2: error: ld returned 1 exit status
make[1]: *** [cmTryCompileExec2058372977] Error 1
make[1]: Leaving directory `/home/rome/h2O/CMakeFiles/CMakeTmp'
make: *** [cmTryCompileExec2058372977/fast] Error 2


